Using pre-set license
Built from '2020.3/support/zd130524' branch; Version is '2020.3.36f1 (71f96b79b9f0) revision 7469419'; Using compiler version '192528614'; Build Type 'Release'
OS: 'Windows 10  (10.0.19045) 64bit Professional' Language: 'ko' Physical Memory: 32683 MB
BatchMode: 1, IsHumanControllingUs: 0, StartBugReporterOnCrash: 0, Is64bit: 1, IsPro: 0

COMMAND LINE ARGUMENTS:
E:\unity\2020.3.36f1\Editor\Unity.exe
-adb2
-batchMode
-noUpm
-name
AssetImportWorker0
-projectPath
E:/Project/2D_Project/DNFSurviver
-logFile
Logs/AssetImportWorker0.log
-srvPort
1146
Successfully changed project path to: E:/Project/2D_Project/DNFSurviver
E:/Project/2D_Project/DNFSurviver
Using Asset Import Pipeline V2.
Refreshing native plugins compatible for Editor in 40.45 ms, found 3 plugins.
Preloading 0 native plugins for Editor in 0.00 ms.
Initialize engine version: 2020.3.36f1 (71f96b79b9f0)
[Subsystems] Discovering subsystems at path E:/unity/2020.3.36f1/Editor/Data/Resources/UnitySubsystems
[Subsystems] Discovering subsystems at path E:/Project/2D_Project/DNFSurviver/Assets
GfxDevice: creating device client; threaded=0
Direct3D:
    Version:  Direct3D 11.0 [level 11.1]
    Renderer: NVIDIA GeForce GTX 1060 6GB (ID=0x1c03)
    Vendor:   
    VRAM:     6043 MB
    Driver:   31.0.15.3623
Initialize mono
Mono path[0] = 'E:/unity/2020.3.36f1/Editor/Data/Managed'
Mono path[1] = 'E:/unity/2020.3.36f1/Editor/Data/MonoBleedingEdge/lib/mono/unityjit'
Mono config path = 'E:/unity/2020.3.36f1/Editor/Data/MonoBleedingEdge/etc'
Using monoOptions --debugger-agent=transport=dt_socket,embedding=1,server=y,suspend=n,address=127.0.0.1:56732
Begin MonoManager ReloadAssembly
Registering precompiled unity dll's ...
Register platform support module: E:/unity/2020.3.36f1/Editor/Data/PlaybackEngines/WindowsStandaloneSupport/UnityEditor.WindowsStandalone.Extensions.dll
Registered in 0.001915 seconds.
Native extension for WindowsStandalone target not found
Refreshing native plugins compatible for Editor in 38.74 ms, found 3 plugins.
Preloading 0 native plugins for Editor in 0.00 ms.
Mono: successfully reloaded assembly
- Completed reload, in  0.493 seconds
Domain Reload Profiling:
	ReloadAssembly (493ms)
		BeginReloadAssembly (70ms)
			ExecutionOrderSort (0ms)
			DisableScriptedObjects (0ms)
			BackupInstance (0ms)
			ReleaseScriptingObjects (0ms)
			CreateAndSetChildDomain (1ms)
		EndReloadAssembly (365ms)
			LoadAssemblies (70ms)
			RebuildTransferFunctionScriptingTraits (0ms)
			SetupTypeCache (109ms)
			ReleaseScriptCaches (0ms)
			RebuildScriptCaches (21ms)
			SetupLoadedEditorAssemblies (144ms)
				LogAssemblyErrors (0ms)
				InitializePlatformSupportModulesInManaged (3ms)
				SetLoadedEditorAssemblies (0ms)
				RefreshPlugins (39ms)
				BeforeProcessingInitializeOnLoad (14ms)
				ProcessInitializeOnLoadAttributes (65ms)
				ProcessInitializeOnLoadMethodAttributes (23ms)
				AfterProcessingInitializeOnLoad (0ms)
				EditorAssembliesLoaded (0ms)
			ExecutionOrderSort2 (0ms)
			AwakeInstancesAfterBackupRestoration (0ms)
Platform modules already initialized, skipping
Registering precompiled user dll's ...
Registered in 0.004200 seconds.
Begin MonoManager ReloadAssembly
Native extension for WindowsStandalone target not found
Refreshing native plugins compatible for Editor in 39.52 ms, found 3 plugins.
Preloading 0 native plugins for Editor in 0.00 ms.
Mono: successfully reloaded assembly
- Completed reload, in  0.907 seconds
Domain Reload Profiling:
	ReloadAssembly (908ms)
		BeginReloadAssembly (134ms)
			ExecutionOrderSort (0ms)
			DisableScriptedObjects (5ms)
			BackupInstance (0ms)
			ReleaseScriptingObjects (0ms)
			CreateAndSetChildDomain (17ms)
		EndReloadAssembly (729ms)
			LoadAssemblies (107ms)
			RebuildTransferFunctionScriptingTraits (0ms)
			SetupTypeCache (226ms)
			ReleaseScriptCaches (0ms)
			RebuildScriptCaches (35ms)
			SetupLoadedEditorAssemblies (292ms)
				LogAssemblyErrors (0ms)
				InitializePlatformSupportModulesInManaged (3ms)
				SetLoadedEditorAssemblies (0ms)
				RefreshPlugins (40ms)
				BeforeProcessingInitializeOnLoad (69ms)
				ProcessInitializeOnLoadAttributes (158ms)
				ProcessInitializeOnLoadMethodAttributes (19ms)
				AfterProcessingInitializeOnLoad (4ms)
				EditorAssembliesLoaded (0ms)
			ExecutionOrderSort2 (0ms)
			AwakeInstancesAfterBackupRestoration (2ms)
Platform modules already initialized, skipping
========================================================================
Worker process is ready to serve import requests
Launched and connected shader compiler UnityShaderCompiler.exe after 0.05 seconds
Refreshing native plugins compatible for Editor in 0.47 ms, found 3 plugins.
Preloading 0 native plugins for Editor in 0.00 ms.
Unloading 2234 Unused Serialized files (Serialized files now loaded: 0)
System memory in use before: 98.0 MB.
System memory in use after: 98.0 MB.

Unloading 31 unused Assets to reduce memory usage. Loaded Objects now: 2666.
Total: 2.979700 ms (FindLiveObjects: 0.215100 ms CreateObjectMapping: 0.117000 ms MarkObjects: 2.527800 ms  DeleteObjects: 0.119000 ms)

AssetImportParameters requested are different than current active one (requested -> active):
  custom:framework-win-MediaFoundation: 216162199b28c13a410421893ffa2e32 -> 
  custom:video-decoder-ogg-theora: a1e56fd34408186e4bbccfd4996cb3dc -> 
  custom:container-muxer-webm: aa71ff27fc2769a1b78a27578f13a17b -> 
  custom:container-demuxer-webm: 4f35f7cbe854078d1ac9338744f61a02 -> 
  custom:container-demuxer-ogg: 62fdf1f143b41e24485cea50d1cbac27 -> 
  custom:video-encoder-webm-vp8: eb34c28f22e8b96e1ab97ce403110664 -> 
  custom:video-decoder-webm-vp8: 9c59270c3fd7afecdb556c50c9e8de78 -> 
  custom:audio-decoder-ogg-vorbis: bf7c407c2cedff20999df2af8eb42d56 -> 
  custom:audio-encoder-webm-vorbis: bf7c407c2cedff20999df2af8eb42d56 -> 
========================================================================
Received Import Request.
  path: Assets/3.Script/Player/PlayerSkill/SoulbringerSkill.cs
  artifactKey: Guid(8b6397b9a23b8cf459bf1bc882ebbd34) Importer(815301076,1909f56bfc062723c751e8b465ee728b)
Start importing Assets/3.Script/Player/PlayerSkill/SoulbringerSkill.cs using Guid(8b6397b9a23b8cf459bf1bc882ebbd34) Importer(815301076,1909f56bfc062723c751e8b465ee728b)  -> (artifact id: '79617204c40b41f523142bc03cd34abb') in 0.052566 seconds 
========================================================================
Received Import Request.
  Time since last request: 0.000273 seconds.
  path: Assets/3.Script/Player/PlayerSkill/BerserkerSkill.cs
  artifactKey: Guid(a2e991efb34088645b87a59f41300581) Importer(815301076,1909f56bfc062723c751e8b465ee728b)
Start importing Assets/3.Script/Player/PlayerSkill/BerserkerSkill.cs using Guid(a2e991efb34088645b87a59f41300581) Importer(815301076,1909f56bfc062723c751e8b465ee728b)  -> (artifact id: '22409291fb798b5aff7083a2feda32e7') in 0.006827 seconds 
========================================================================
Received Prepare
Registering precompiled user dll's ...
Registered in 0.004337 seconds.
Begin MonoManager ReloadAssembly
Native extension for WindowsStandalone target not found
Refreshing native plugins compatible for Editor in 0.48 ms, found 3 plugins.
Preloading 0 native plugins for Editor in 0.00 ms.
Mono: successfully reloaded assembly
- Completed reload, in  0.818 seconds
Domain Reload Profiling:
	ReloadAssembly (819ms)
		BeginReloadAssembly (113ms)
			ExecutionOrderSort (0ms)
			DisableScriptedObjects (5ms)
			BackupInstance (0ms)
			ReleaseScriptingObjects (0ms)
			CreateAndSetChildDomain (29ms)
		EndReloadAssembly (660ms)
			LoadAssemblies (107ms)
			RebuildTransferFunctionScriptingTraits (0ms)
			SetupTypeCache (218ms)
			ReleaseScriptCaches (1ms)
			RebuildScriptCaches (31ms)
			SetupLoadedEditorAssemblies (256ms)
				LogAssemblyErrors (0ms)
				InitializePlatformSupportModulesInManaged (4ms)
				SetLoadedEditorAssemblies (0ms)
				RefreshPlugins (1ms)
				BeforeProcessingInitializeOnLoad (68ms)
				ProcessInitializeOnLoadAttributes (166ms)
				ProcessInitializeOnLoadMethodAttributes (14ms)
				AfterProcessingInitializeOnLoad (3ms)
				EditorAssembliesLoaded (0ms)
			ExecutionOrderSort2 (0ms)
			AwakeInstancesAfterBackupRestoration (4ms)
Platform modules already initialized, skipping
Refreshing native plugins compatible for Editor in 0.53 ms, found 3 plugins.
Preloading 0 native plugins for Editor in 0.00 ms.
Unloading 2229 Unused Serialized files (Serialized files now loaded: 0)
System memory in use before: 98.0 MB.
System memory in use after: 98.0 MB.

Unloading 20 unused Assets to reduce memory usage. Loaded Objects now: 2669.
Total: 3.010800 ms (FindLiveObjects: 0.160000 ms CreateObjectMapping: 0.086800 ms MarkObjects: 2.663000 ms  DeleteObjects: 0.100100 ms)

AssetImportParameters requested are different than current active one (requested -> active):
  custom:framework-win-MediaFoundation: 216162199b28c13a410421893ffa2e32 -> 
  custom:video-decoder-ogg-theora: a1e56fd34408186e4bbccfd4996cb3dc -> 
  custom:container-muxer-webm: aa71ff27fc2769a1b78a27578f13a17b -> 
  custom:container-demuxer-webm: 4f35f7cbe854078d1ac9338744f61a02 -> 
  custom:container-demuxer-ogg: 62fdf1f143b41e24485cea50d1cbac27 -> 
  custom:video-encoder-webm-vp8: eb34c28f22e8b96e1ab97ce403110664 -> 
  custom:video-decoder-webm-vp8: 9c59270c3fd7afecdb556c50c9e8de78 -> 
  custom:audio-decoder-ogg-vorbis: bf7c407c2cedff20999df2af8eb42d56 -> 
  custom:audio-encoder-webm-vorbis: bf7c407c2cedff20999df2af8eb42d56 -> 
========================================================================
Received Prepare
Registering precompiled user dll's ...
Registered in 0.005962 seconds.
Begin MonoManager ReloadAssembly
Native extension for WindowsStandalone target not found
Refreshing native plugins compatible for Editor in 0.60 ms, found 3 plugins.
Preloading 0 native plugins for Editor in 0.00 ms.
Mono: successfully reloaded assembly
- Completed reload, in  0.995 seconds
Domain Reload Profiling:
	ReloadAssembly (998ms)
		BeginReloadAssembly (199ms)
			ExecutionOrderSort (0ms)
			DisableScriptedObjects (15ms)
			BackupInstance (0ms)
			ReleaseScriptingObjects (0ms)
			CreateAndSetChildDomain (70ms)
		EndReloadAssembly (749ms)
			LoadAssemblies (142ms)
			RebuildTransferFunctionScriptingTraits (0ms)
			SetupTypeCache (260ms)
			ReleaseScriptCaches (1ms)
			RebuildScriptCaches (36ms)
			SetupLoadedEditorAssemblies (278ms)
				LogAssemblyErrors (0ms)
				InitializePlatformSupportModulesInManaged (4ms)
				SetLoadedEditorAssemblies (0ms)
				RefreshPlugins (1ms)
				BeforeProcessingInitializeOnLoad (76ms)
				ProcessInitializeOnLoadAttributes (179ms)
				ProcessInitializeOnLoadMethodAttributes (14ms)
				AfterProcessingInitializeOnLoad (3ms)
				EditorAssembliesLoaded (0ms)
			ExecutionOrderSort2 (0ms)
			AwakeInstancesAfterBackupRestoration (4ms)
Platform modules already initialized, skipping
Refreshing native plugins compatible for Editor in 0.82 ms, found 3 plugins.
Preloading 0 native plugins for Editor in 0.00 ms.
Unloading 2229 Unused Serialized files (Serialized files now loaded: 0)
System memory in use before: 98.1 MB.
System memory in use after: 98.0 MB.

Unloading 20 unused Assets to reduce memory usage. Loaded Objects now: 2672.
Total: 3.692400 ms (FindLiveObjects: 0.175200 ms CreateObjectMapping: 0.068700 ms MarkObjects: 3.299400 ms  DeleteObjects: 0.148100 ms)

AssetImportParameters requested are different than current active one (requested -> active):
  custom:framework-win-MediaFoundation: 216162199b28c13a410421893ffa2e32 -> 
  custom:video-decoder-ogg-theora: a1e56fd34408186e4bbccfd4996cb3dc -> 
  custom:container-muxer-webm: aa71ff27fc2769a1b78a27578f13a17b -> 
  custom:container-demuxer-webm: 4f35f7cbe854078d1ac9338744f61a02 -> 
  custom:container-demuxer-ogg: 62fdf1f143b41e24485cea50d1cbac27 -> 
  custom:video-encoder-webm-vp8: eb34c28f22e8b96e1ab97ce403110664 -> 
  custom:video-decoder-webm-vp8: 9c59270c3fd7afecdb556c50c9e8de78 -> 
  custom:audio-decoder-ogg-vorbis: bf7c407c2cedff20999df2af8eb42d56 -> 
  custom:audio-encoder-webm-vorbis: bf7c407c2cedff20999df2af8eb42d56 -> 
========================================================================
Received Import Request.
  Time since last request: 3521.925989 seconds.
  path: Assets/4.Sprite/Skill/BerserkerSkill.png
  artifactKey: Guid(3576fd52df52bc94fbbe03a999923884) Importer(815301076,1909f56bfc062723c751e8b465ee728b)
Start importing Assets/4.Sprite/Skill/BerserkerSkill.png using Guid(3576fd52df52bc94fbbe03a999923884) Importer(815301076,1909f56bfc062723c751e8b465ee728b)  -> (artifact id: '59e7f874b77a6193cb4090a4611a78eb') in 0.097714 seconds 
========================================================================
Received Prepare
Registering precompiled user dll's ...
Registered in 0.004346 seconds.
Begin MonoManager ReloadAssembly
Native extension for WindowsStandalone target not found
Refreshing native plugins compatible for Editor in 0.54 ms, found 3 plugins.
Preloading 0 native plugins for Editor in 0.00 ms.
Mono: successfully reloaded assembly
- Completed reload, in  0.813 seconds
Domain Reload Profiling:
	ReloadAssembly (813ms)
		BeginReloadAssembly (114ms)
			ExecutionOrderSort (0ms)
			DisableScriptedObjects (4ms)
			BackupInstance (0ms)
			ReleaseScriptingObjects (0ms)
			CreateAndSetChildDomain (31ms)
		EndReloadAssembly (654ms)
			LoadAssemblies (106ms)
			RebuildTransferFunctionScriptingTraits (0ms)
			SetupTypeCache (221ms)
			ReleaseScriptCaches (1ms)
			RebuildScriptCaches (34ms)
			SetupLoadedEditorAssemblies (245ms)
				LogAssemblyErrors (0ms)
				InitializePlatformSupportModulesInManaged (3ms)
				SetLoadedEditorAssemblies (0ms)
				RefreshPlugins (1ms)
				BeforeProcessingInitializeOnLoad (68ms)
				ProcessInitializeOnLoadAttributes (156ms)
				ProcessInitializeOnLoadMethodAttributes (13ms)
				AfterProcessingInitializeOnLoad (3ms)
				EditorAssembliesLoaded (0ms)
			ExecutionOrderSort2 (0ms)
			AwakeInstancesAfterBackupRestoration (3ms)
Platform modules already initialized, skipping
Refreshing native plugins compatible for Editor in 0.68 ms, found 3 plugins.
Preloading 0 native plugins for Editor in 0.00 ms.
Unloading 2229 Unused Serialized files (Serialized files now loaded: 0)
System memory in use before: 101.0 MB.
System memory in use after: 101.0 MB.

Unloading 20 unused Assets to reduce memory usage. Loaded Objects now: 2682.
Total: 2.688800 ms (FindLiveObjects: 0.164700 ms CreateObjectMapping: 0.062300 ms MarkObjects: 2.363000 ms  DeleteObjects: 0.097900 ms)

AssetImportParameters requested are different than current active one (requested -> active):
  custom:framework-win-MediaFoundation: 216162199b28c13a410421893ffa2e32 -> 
  custom:video-decoder-ogg-theora: a1e56fd34408186e4bbccfd4996cb3dc -> 
  custom:container-muxer-webm: aa71ff27fc2769a1b78a27578f13a17b -> 
  custom:container-demuxer-webm: 4f35f7cbe854078d1ac9338744f61a02 -> 
  custom:container-demuxer-ogg: 62fdf1f143b41e24485cea50d1cbac27 -> 
  custom:video-encoder-webm-vp8: eb34c28f22e8b96e1ab97ce403110664 -> 
  custom:video-decoder-webm-vp8: 9c59270c3fd7afecdb556c50c9e8de78 -> 
  custom:audio-decoder-ogg-vorbis: bf7c407c2cedff20999df2af8eb42d56 -> 
  custom:audio-encoder-webm-vorbis: bf7c407c2cedff20999df2af8eb42d56 -> 
========================================================================
Received Import Request.
  Time since last request: 202.987857 seconds.
  path: Assets/4.Sprite/Skill/AsuraSkill.png
  artifactKey: Guid(77c09f39bb65a4245b2944866dd8ff7a) Importer(815301076,1909f56bfc062723c751e8b465ee728b)
Start importing Assets/4.Sprite/Skill/AsuraSkill.png using Guid(77c09f39bb65a4245b2944866dd8ff7a) Importer(815301076,1909f56bfc062723c751e8b465ee728b)  -> (artifact id: '152904fa2cb46cfb917fc3421385f3cb') in 0.045175 seconds 
========================================================================
Received Import Request.
  Time since last request: 193.167220 seconds.
  path: Assets/4.Sprite/Skill/BerserkerSkill_1.png
  artifactKey: Guid(5c0ef5a02a71012488d4843f595e9c4b) Importer(815301076,1909f56bfc062723c751e8b465ee728b)
Start importing Assets/4.Sprite/Skill/BerserkerSkill_1.png using Guid(5c0ef5a02a71012488d4843f595e9c4b) Importer(815301076,1909f56bfc062723c751e8b465ee728b)  -> (artifact id: '2cc1685269a32bf2822304bb83f2b3d3') in 0.016067 seconds 
========================================================================
Received Import Request.
  Time since last request: 14.638516 seconds.
  path: Assets/4.Sprite/Skill/BerserkerSkill_1.png
  artifactKey: Guid(5c0ef5a02a71012488d4843f595e9c4b) Importer(815301076,1909f56bfc062723c751e8b465ee728b)
Start importing Assets/4.Sprite/Skill/BerserkerSkill_1.png using Guid(5c0ef5a02a71012488d4843f595e9c4b) Importer(815301076,1909f56bfc062723c751e8b465ee728b)  -> (artifact id: '3119a6393f3ce588c807aa62c0559e84') in 0.014315 seconds 
========================================================================
Received Import Request.
  Time since last request: 11.514235 seconds.
  path: Assets/4.Sprite/Skill/BerserkerSkill_1.png
  artifactKey: Guid(5c0ef5a02a71012488d4843f595e9c4b) Importer(815301076,1909f56bfc062723c751e8b465ee728b)
Start importing Assets/4.Sprite/Skill/BerserkerSkill_1.png using Guid(5c0ef5a02a71012488d4843f595e9c4b) Importer(815301076,1909f56bfc062723c751e8b465ee728b)  -> (artifact id: '7c860c37c77310c427af14a19d06a3b0') in 0.012571 seconds 
========================================================================
Received Import Request.
  Time since last request: 18.474012 seconds.
  path: Assets/4.Sprite/Skill/BerserkerSkill_1.png
  artifactKey: Guid(5c0ef5a02a71012488d4843f595e9c4b) Importer(815301076,1909f56bfc062723c751e8b465ee728b)
Start importing Assets/4.Sprite/Skill/BerserkerSkill_1.png using Guid(5c0ef5a02a71012488d4843f595e9c4b) Importer(815301076,1909f56bfc062723c751e8b465ee728b)  -> (artifact id: 'd624a0e8491f8390bc3b5b568a42e0b9') in 0.022812 seconds 
========================================================================
Received Prepare
Registering precompiled user dll's ...
Registered in 0.003689 seconds.
Begin MonoManager ReloadAssembly
Native extension for WindowsStandalone target not found
Refreshing native plugins compatible for Editor in 0.55 ms, found 3 plugins.
Preloading 0 native plugins for Editor in 0.00 ms.
Mono: successfully reloaded assembly
- Completed reload, in  0.874 seconds
Domain Reload Profiling:
	ReloadAssembly (874ms)
		BeginReloadAssembly (123ms)
			ExecutionOrderSort (0ms)
			DisableScriptedObjects (5ms)
			BackupInstance (0ms)
			ReleaseScriptingObjects (0ms)
			CreateAndSetChildDomain (35ms)
		EndReloadAssembly (702ms)
			LoadAssemblies (111ms)
			RebuildTransferFunctionScriptingTraits (0ms)
			SetupTypeCache (235ms)
			ReleaseScriptCaches (1ms)
			RebuildScriptCaches (34ms)
			SetupLoadedEditorAssemblies (259ms)
				LogAssemblyErrors (0ms)
				InitializePlatformSupportModulesInManaged (4ms)
				SetLoadedEditorAssemblies (0ms)
				RefreshPlugins (1ms)
				BeforeProcessingInitializeOnLoad (68ms)
				ProcessInitializeOnLoadAttributes (169ms)
				ProcessInitializeOnLoadMethodAttributes (14ms)
				AfterProcessingInitializeOnLoad (3ms)
				EditorAssembliesLoaded (0ms)
			ExecutionOrderSort2 (0ms)
			AwakeInstancesAfterBackupRestoration (15ms)
Platform modules already initialized, skipping
Refreshing native plugins compatible for Editor in 0.52 ms, found 3 plugins.
Preloading 0 native plugins for Editor in 0.00 ms.
Unloading 2229 Unused Serialized files (Serialized files now loaded: 0)
System memory in use before: 101.1 MB.
System memory in use after: 101.1 MB.

Unloading 20 unused Assets to reduce memory usage. Loaded Objects now: 2689.
Total: 3.215700 ms (FindLiveObjects: 0.172200 ms CreateObjectMapping: 0.082600 ms MarkObjects: 2.819800 ms  DeleteObjects: 0.140100 ms)

AssetImportParameters requested are different than current active one (requested -> active):
  custom:framework-win-MediaFoundation: 216162199b28c13a410421893ffa2e32 -> 
  custom:video-decoder-ogg-theora: a1e56fd34408186e4bbccfd4996cb3dc -> 
  custom:container-muxer-webm: aa71ff27fc2769a1b78a27578f13a17b -> 
  custom:container-demuxer-webm: 4f35f7cbe854078d1ac9338744f61a02 -> 
  custom:container-demuxer-ogg: 62fdf1f143b41e24485cea50d1cbac27 -> 
  custom:video-encoder-webm-vp8: eb34c28f22e8b96e1ab97ce403110664 -> 
  custom:video-decoder-webm-vp8: 9c59270c3fd7afecdb556c50c9e8de78 -> 
  custom:audio-decoder-ogg-vorbis: bf7c407c2cedff20999df2af8eb42d56 -> 
  custom:audio-encoder-webm-vorbis: bf7c407c2cedff20999df2af8eb42d56 -> 
========================================================================
Received Import Request.
  Time since last request: 10056.333991 seconds.
  path: Assets/4.Sprite/Character/GhostKnight_1.png
  artifactKey: Guid(05aa0dde9fb1c874385a69eb1264cec1) Importer(815301076,1909f56bfc062723c751e8b465ee728b)
Start importing Assets/4.Sprite/Character/GhostKnight_1.png using Guid(05aa0dde9fb1c874385a69eb1264cec1) Importer(815301076,1909f56bfc062723c751e8b465ee728b)  -> (artifact id: '6476a620e95d9689589f92269b14c87b') in 0.185783 seconds 
========================================================================
Received Import Request.
  Time since last request: 1.357476 seconds.
  path: Assets/4.Sprite/Character/GhostKnight.png
  artifactKey: Guid(c2c6aef94b1f81f42a71a8ad4a96c84a) Importer(815301076,1909f56bfc062723c751e8b465ee728b)
Start importing Assets/4.Sprite/Character/GhostKnight.png using Guid(c2c6aef94b1f81f42a71a8ad4a96c84a) Importer(815301076,1909f56bfc062723c751e8b465ee728b)  -> (artifact id: '4fc9cfd0b99eb9393f5d32b06c280914') in 0.026717 seconds 
========================================================================
Received Import Request.
  Time since last request: 13.360005 seconds.
  path: Assets/4.Sprite/Character/GhostKnight_1.png
  artifactKey: Guid(05aa0dde9fb1c874385a69eb1264cec1) Importer(815301076,1909f56bfc062723c751e8b465ee728b)
Start importing Assets/4.Sprite/Character/GhostKnight_1.png using Guid(05aa0dde9fb1c874385a69eb1264cec1) Importer(815301076,1909f56bfc062723c751e8b465ee728b)  -> (artifact id: 'd23291ca33b08ce8855bcd3b042798cb') in 0.012045 seconds 
========================================================================
Received Import Request.
  Time since last request: 28.712989 seconds.
  path: Assets/4.Sprite/Character/GhostKnight_1.png
  artifactKey: Guid(05aa0dde9fb1c874385a69eb1264cec1) Importer(815301076,1909f56bfc062723c751e8b465ee728b)
Start importing Assets/4.Sprite/Character/GhostKnight_1.png using Guid(05aa0dde9fb1c874385a69eb1264cec1) Importer(815301076,1909f56bfc062723c751e8b465ee728b)  -> (artifact id: '3f4260ec42b0ea288475ead5c8b330e1') in 0.031282 seconds 
========================================================================
Received Import Request.
  Time since last request: 20.910939 seconds.
  path: Assets/5.Animation/Move.anim
  artifactKey: Guid(1c7ab50d6d6091f4cb8f7a063fd43cc4) Importer(815301076,1909f56bfc062723c751e8b465ee728b)
Start importing Assets/5.Animation/Move.anim using Guid(1c7ab50d6d6091f4cb8f7a063fd43cc4) Importer(815301076,1909f56bfc062723c751e8b465ee728b)  -> (artifact id: '01f92259646f688b471e761a22b951a5') in 0.017387 seconds 
========================================================================
Received Import Request.
  Time since last request: 260.073276 seconds.
  path: Assets/4.Sprite/Character/GhostKnight_1.png
  artifactKey: Guid(05aa0dde9fb1c874385a69eb1264cec1) Importer(815301076,1909f56bfc062723c751e8b465ee728b)
Start importing Assets/4.Sprite/Character/GhostKnight_1.png using Guid(05aa0dde9fb1c874385a69eb1264cec1) Importer(815301076,1909f56bfc062723c751e8b465ee728b)  -> (artifact id: '8f160f872ef6095d2a5b328563eaf96d') in 0.014637 seconds 
========================================================================
Received Import Request.
  Time since last request: 6.830094 seconds.
  path: Assets/4.Sprite/Character/GhostKnight_1.png
  artifactKey: Guid(05aa0dde9fb1c874385a69eb1264cec1) Importer(815301076,1909f56bfc062723c751e8b465ee728b)
Start importing Assets/4.Sprite/Character/GhostKnight_1.png using Guid(05aa0dde9fb1c874385a69eb1264cec1) Importer(815301076,1909f56bfc062723c751e8b465ee728b)  -> (artifact id: 'e60be3b920454f811ced4c942bb3c835') in 0.011015 seconds 
========================================================================
Received Import Request.
  Time since last request: 4.886357 seconds.
  path: Assets/4.Sprite/Character/GhostKnight_1.png
  artifactKey: Guid(05aa0dde9fb1c874385a69eb1264cec1) Importer(815301076,1909f56bfc062723c751e8b465ee728b)
Start importing Assets/4.Sprite/Character/GhostKnight_1.png using Guid(05aa0dde9fb1c874385a69eb1264cec1) Importer(815301076,1909f56bfc062723c751e8b465ee728b)  -> (artifact id: 'f5818ae0d09256c2bd01ac897ae1f087') in 0.021167 seconds 
========================================================================
Received Import Request.
  Time since last request: 78.853579 seconds.
  path: Assets/5.Animation/Idle.anim
  artifactKey: Guid(693be29acc1370e4c90e82207d1f523e) Importer(815301076,1909f56bfc062723c751e8b465ee728b)
Start importing Assets/5.Animation/Idle.anim using Guid(693be29acc1370e4c90e82207d1f523e) Importer(815301076,1909f56bfc062723c751e8b465ee728b)  -> (artifact id: '9811acb1836b3712196ac9c97fa548e2') in 0.009454 seconds 
========================================================================
Received Prepare
Registering precompiled user dll's ...
Registered in 0.308381 seconds.
Begin MonoManager ReloadAssembly
Native extension for WindowsStandalone target not found
Refreshing native plugins compatible for Editor in 0.51 ms, found 3 plugins.
Preloading 0 native plugins for Editor in 0.00 ms.
Mono: successfully reloaded assembly
- Completed reload, in  2.833 seconds
Domain Reload Profiling:
	ReloadAssembly (2834ms)
		BeginReloadAssembly (174ms)
			ExecutionOrderSort (0ms)
			DisableScriptedObjects (7ms)
			BackupInstance (0ms)
			ReleaseScriptingObjects (0ms)
			CreateAndSetChildDomain (60ms)
		EndReloadAssembly (2615ms)
			LoadAssemblies (456ms)
			RebuildTransferFunctionScriptingTraits (0ms)
			SetupTypeCache (1040ms)
			ReleaseScriptCaches (1ms)
			RebuildScriptCaches (34ms)
			SetupLoadedEditorAssemblies (1060ms)
				LogAssemblyErrors (0ms)
				InitializePlatformSupportModulesInManaged (3ms)
				SetLoadedEditorAssemblies (0ms)
				RefreshPlugins (1ms)
				BeforeProcessingInitializeOnLoad (74ms)
				ProcessInitializeOnLoadAttributes (323ms)
				ProcessInitializeOnLoadMethodAttributes (655ms)
				AfterProcessingInitializeOnLoad (3ms)
				EditorAssembliesLoaded (0ms)
			ExecutionOrderSort2 (0ms)
			AwakeInstancesAfterBackupRestoration (4ms)
Platform modules already initialized, skipping
Refreshing native plugins compatible for Editor in 0.52 ms, found 3 plugins.
Preloading 0 native plugins for Editor in 0.00 ms.
Unloading 2229 Unused Serialized files (Serialized files now loaded: 0)
System memory in use before: 101.2 MB.
System memory in use after: 101.1 MB.

Unloading 20 unused Assets to reduce memory usage. Loaded Objects now: 2699.
Total: 3.493000 ms (FindLiveObjects: 0.265700 ms CreateObjectMapping: 0.064300 ms MarkObjects: 3.002800 ms  DeleteObjects: 0.159200 ms)

AssetImportParameters requested are different than current active one (requested -> active):
  custom:framework-win-MediaFoundation: 216162199b28c13a410421893ffa2e32 -> 
  custom:video-decoder-ogg-theora: a1e56fd34408186e4bbccfd4996cb3dc -> 
  custom:container-muxer-webm: aa71ff27fc2769a1b78a27578f13a17b -> 
  custom:container-demuxer-webm: 4f35f7cbe854078d1ac9338744f61a02 -> 
  custom:container-demuxer-ogg: 62fdf1f143b41e24485cea50d1cbac27 -> 
  custom:video-encoder-webm-vp8: eb34c28f22e8b96e1ab97ce403110664 -> 
  custom:video-decoder-webm-vp8: 9c59270c3fd7afecdb556c50c9e8de78 -> 
  custom:audio-decoder-ogg-vorbis: bf7c407c2cedff20999df2af8eb42d56 -> 
  custom:audio-encoder-webm-vorbis: bf7c407c2cedff20999df2af8eb42d56 -> 
========================================================================
Received Prepare
Registering precompiled user dll's ...
Registered in 0.004334 seconds.
Begin MonoManager ReloadAssembly
Native extension for WindowsStandalone target not found
Refreshing native plugins compatible for Editor in 0.51 ms, found 3 plugins.
Preloading 0 native plugins for Editor in 0.00 ms.
Mono: successfully reloaded assembly
- Completed reload, in  0.812 seconds
Domain Reload Profiling:
	ReloadAssembly (812ms)
		BeginReloadAssembly (112ms)
			ExecutionOrderSort (0ms)
			DisableScriptedObjects (5ms)
			BackupInstance (0ms)
			ReleaseScriptingObjects (0ms)
			CreateAndSetChildDomain (29ms)
		EndReloadAssembly (654ms)
			LoadAssemblies (106ms)
			RebuildTransferFunctionScriptingTraits (0ms)
			SetupTypeCache (220ms)
			ReleaseScriptCaches (1ms)
			RebuildScriptCaches (33ms)
			SetupLoadedEditorAssemblies (249ms)
				LogAssemblyErrors (0ms)
				InitializePlatformSupportModulesInManaged (4ms)
				SetLoadedEditorAssemblies (0ms)
				RefreshPlugins (1ms)
				BeforeProcessingInitializeOnLoad (66ms)
				ProcessInitializeOnLoadAttributes (162ms)
				ProcessInitializeOnLoadMethodAttributes (13ms)
				AfterProcessingInitializeOnLoad (3ms)
				EditorAssembliesLoaded (0ms)
			ExecutionOrderSort2 (0ms)
			AwakeInstancesAfterBackupRestoration (4ms)
Platform modules already initialized, skipping
Refreshing native plugins compatible for Editor in 0.54 ms, found 3 plugins.
Preloading 0 native plugins for Editor in 0.00 ms.
Unloading 2229 Unused Serialized files (Serialized files now loaded: 0)
System memory in use before: 101.2 MB.
System memory in use after: 101.1 MB.

Unloading 20 unused Assets to reduce memory usage. Loaded Objects now: 2702.
Total: 2.961600 ms (FindLiveObjects: 0.173300 ms CreateObjectMapping: 0.076500 ms MarkObjects: 2.596400 ms  DeleteObjects: 0.114400 ms)

AssetImportParameters requested are different than current active one (requested -> active):
  custom:framework-win-MediaFoundation: 216162199b28c13a410421893ffa2e32 -> 
  custom:video-decoder-ogg-theora: a1e56fd34408186e4bbccfd4996cb3dc -> 
  custom:container-muxer-webm: aa71ff27fc2769a1b78a27578f13a17b -> 
  custom:container-demuxer-webm: 4f35f7cbe854078d1ac9338744f61a02 -> 
  custom:container-demuxer-ogg: 62fdf1f143b41e24485cea50d1cbac27 -> 
  custom:video-encoder-webm-vp8: eb34c28f22e8b96e1ab97ce403110664 -> 
  custom:video-decoder-webm-vp8: 9c59270c3fd7afecdb556c50c9e8de78 -> 
  custom:audio-decoder-ogg-vorbis: bf7c407c2cedff20999df2af8eb42d56 -> 
  custom:audio-encoder-webm-vorbis: bf7c407c2cedff20999df2af8eb42d56 -> 
========================================================================
Received Prepare
Registering precompiled user dll's ...
Registered in 0.004825 seconds.
Begin MonoManager ReloadAssembly
Native extension for WindowsStandalone target not found
Refreshing native plugins compatible for Editor in 0.51 ms, found 3 plugins.
Preloading 0 native plugins for Editor in 0.00 ms.
Mono: successfully reloaded assembly
- Completed reload, in  0.805 seconds
Domain Reload Profiling:
	ReloadAssembly (805ms)
		BeginReloadAssembly (112ms)
			ExecutionOrderSort (0ms)
			DisableScriptedObjects (5ms)
			BackupInstance (0ms)
			ReleaseScriptingObjects (0ms)
			CreateAndSetChildDomain (30ms)
		EndReloadAssembly (648ms)
			LoadAssemblies (104ms)
			RebuildTransferFunctionScriptingTraits (0ms)
			SetupTypeCache (214ms)
			ReleaseScriptCaches (1ms)
			RebuildScriptCaches (30ms)
			SetupLoadedEditorAssemblies (251ms)
				LogAssemblyErrors (0ms)
				InitializePlatformSupportModulesInManaged (3ms)
				SetLoadedEditorAssemblies (0ms)
				RefreshPlugins (1ms)
				BeforeProcessingInitializeOnLoad (69ms)
				ProcessInitializeOnLoadAttributes (162ms)
				ProcessInitializeOnLoadMethodAttributes (13ms)
				AfterProcessingInitializeOnLoad (3ms)
				EditorAssembliesLoaded (0ms)
			ExecutionOrderSort2 (0ms)
			AwakeInstancesAfterBackupRestoration (4ms)
Platform modules already initialized, skipping
Refreshing native plugins compatible for Editor in 0.46 ms, found 3 plugins.
Preloading 0 native plugins for Editor in 0.00 ms.
Unloading 2229 Unused Serialized files (Serialized files now loaded: 0)
System memory in use before: 101.2 MB.
System memory in use after: 101.2 MB.

Unloading 20 unused Assets to reduce memory usage. Loaded Objects now: 2705.
Total: 2.968900 ms (FindLiveObjects: 0.160800 ms CreateObjectMapping: 0.074100 ms MarkObjects: 2.596800 ms  DeleteObjects: 0.136500 ms)

AssetImportParameters requested are different than current active one (requested -> active):
  custom:framework-win-MediaFoundation: 216162199b28c13a410421893ffa2e32 -> 
  custom:video-decoder-ogg-theora: a1e56fd34408186e4bbccfd4996cb3dc -> 
  custom:container-muxer-webm: aa71ff27fc2769a1b78a27578f13a17b -> 
  custom:container-demuxer-webm: 4f35f7cbe854078d1ac9338744f61a02 -> 
  custom:container-demuxer-ogg: 62fdf1f143b41e24485cea50d1cbac27 -> 
  custom:video-encoder-webm-vp8: eb34c28f22e8b96e1ab97ce403110664 -> 
  custom:video-decoder-webm-vp8: 9c59270c3fd7afecdb556c50c9e8de78 -> 
  custom:audio-decoder-ogg-vorbis: bf7c407c2cedff20999df2af8eb42d56 -> 
  custom:audio-encoder-webm-vorbis: bf7c407c2cedff20999df2af8eb42d56 -> 
========================================================================
Received Import Request.
  Time since last request: 10890.825621 seconds.
  path: Assets/4.Sprite
  artifactKey: Guid(e2f1b9bca3c7f6948be77bf15b144f08) Importer(815301076,1909f56bfc062723c751e8b465ee728b)
Start importing Assets/4.Sprite using Guid(e2f1b9bca3c7f6948be77bf15b144f08) Importer(815301076,1909f56bfc062723c751e8b465ee728b)  -> (artifact id: 'c81f337bc32d05d05acbca1eb859cb55') in 0.057660 seconds 
========================================================================
Received Import Request.
  Time since last request: 4.772473 seconds.
  path: Assets/4.Sprite/Enemy
  artifactKey: Guid(f67824c1b6d80254c9e5979c881e5686) Importer(815301076,1909f56bfc062723c751e8b465ee728b)
Start importing Assets/4.Sprite/Enemy using Guid(f67824c1b6d80254c9e5979c881e5686) Importer(815301076,1909f56bfc062723c751e8b465ee728b)  -> (artifact id: '4a131429dc7eb4851603e4bca1faf282') in 0.007419 seconds 
========================================================================
Received Import Request.
  Time since last request: 35.862262 seconds.
  path: Assets/4.Sprite/Enemy/Goblin0.png
  artifactKey: Guid(cc3be8eef724da74a8edde5e708577e6) Importer(815301076,1909f56bfc062723c751e8b465ee728b)
Start importing Assets/4.Sprite/Enemy/Goblin0.png using Guid(cc3be8eef724da74a8edde5e708577e6) Importer(815301076,1909f56bfc062723c751e8b465ee728b)  -> (artifact id: '682c0964eac9c890478905583e953314') in 0.119263 seconds 
========================================================================
Received Import Request.
  Time since last request: 24.877772 seconds.
  path: Assets/4.Sprite/Enemy/Kenta1.png
  artifactKey: Guid(ca60dc32e268318478b4a63274778544) Importer(815301076,1909f56bfc062723c751e8b465ee728b)
Start importing Assets/4.Sprite/Enemy/Kenta1.png using Guid(ca60dc32e268318478b4a63274778544) Importer(815301076,1909f56bfc062723c751e8b465ee728b)  -> (artifact id: '58c50614cd9b402a3e220441bfec2737') in 0.015655 seconds 
========================================================================
Received Import Request.
  Time since last request: 12.362282 seconds.
  path: Assets/4.Sprite/Enemy/Kenta1.png
  artifactKey: Guid(ca60dc32e268318478b4a63274778544) Importer(815301076,1909f56bfc062723c751e8b465ee728b)
Start importing Assets/4.Sprite/Enemy/Kenta1.png using Guid(ca60dc32e268318478b4a63274778544) Importer(815301076,1909f56bfc062723c751e8b465ee728b)  -> (artifact id: 'd5032985503295e200f36b3eb2ef0ab9') in 0.009849 seconds 
========================================================================
Received Import Request.
  Time since last request: 5.661290 seconds.
  path: Assets/4.Sprite/Enemy/Goblin0.png
  artifactKey: Guid(cc3be8eef724da74a8edde5e708577e6) Importer(815301076,1909f56bfc062723c751e8b465ee728b)
Start importing Assets/4.Sprite/Enemy/Goblin0.png using Guid(cc3be8eef724da74a8edde5e708577e6) Importer(815301076,1909f56bfc062723c751e8b465ee728b)  -> (artifact id: 'dfdc44250637f3c8248f66cd23fe28e6') in 0.009641 seconds 
========================================================================
Received Import Request.
  Time since last request: 16.781031 seconds.
  path: Assets/4.Sprite/Enemy/Goblin0.png
  artifactKey: Guid(cc3be8eef724da74a8edde5e708577e6) Importer(815301076,1909f56bfc062723c751e8b465ee728b)
Start importing Assets/4.Sprite/Enemy/Goblin0.png using Guid(cc3be8eef724da74a8edde5e708577e6) Importer(815301076,1909f56bfc062723c751e8b465ee728b)  -> (artifact id: 'f33572c1b13d8329b99e8bb7fb4fd699') in 0.018440 seconds 
========================================================================
Received Import Request.
  Time since last request: 3.884700 seconds.
  path: Assets/4.Sprite/Enemy/Goblin1.png
  artifactKey: Guid(c9e28cfd764c67245a46f3593bf5dd91) Importer(815301076,1909f56bfc062723c751e8b465ee728b)
Start importing Assets/4.Sprite/Enemy/Goblin1.png using Guid(c9e28cfd764c67245a46f3593bf5dd91) Importer(815301076,1909f56bfc062723c751e8b465ee728b)  -> (artifact id: 'a7b443df64e2625d16b48706e3e2e9e9') in 0.011159 seconds 
========================================================================
Received Import Request.
  Time since last request: 6.443877 seconds.
  path: Assets/4.Sprite/Enemy/Goblin1.png
  artifactKey: Guid(c9e28cfd764c67245a46f3593bf5dd91) Importer(815301076,1909f56bfc062723c751e8b465ee728b)
Start importing Assets/4.Sprite/Enemy/Goblin1.png using Guid(c9e28cfd764c67245a46f3593bf5dd91) Importer(815301076,1909f56bfc062723c751e8b465ee728b)  -> (artifact id: '719facb3a1ffa71cbe659b88e8d801dd') in 0.021608 seconds 
========================================================================
Received Import Request.
  Time since last request: 2.379805 seconds.
  path: Assets/4.Sprite/Enemy/Goblin2.png
  artifactKey: Guid(6e5837e5303b0794c80b0f3d9d6e01c3) Importer(815301076,1909f56bfc062723c751e8b465ee728b)
Start importing Assets/4.Sprite/Enemy/Goblin2.png using Guid(6e5837e5303b0794c80b0f3d9d6e01c3) Importer(815301076,1909f56bfc062723c751e8b465ee728b)  -> (artifact id: 'c27818f63cb55f27729e61972c9f4ea6') in 0.011547 seconds 
========================================================================
Received Import Request.
  Time since last request: 7.879960 seconds.
  path: Assets/4.Sprite/Enemy/Goblin2.png
  artifactKey: Guid(6e5837e5303b0794c80b0f3d9d6e01c3) Importer(815301076,1909f56bfc062723c751e8b465ee728b)
Start importing Assets/4.Sprite/Enemy/Goblin2.png using Guid(6e5837e5303b0794c80b0f3d9d6e01c3) Importer(815301076,1909f56bfc062723c751e8b465ee728b)  -> (artifact id: '8982a559b90c24ead29f1a3b0f2b7d89') in 0.020467 seconds 
========================================================================
Received Import Request.
  Time since last request: 1.733259 seconds.
  path: Assets/4.Sprite/Enemy/Kenta0.png
  artifactKey: Guid(b982c18e83039d546bc9e02a9b1ee4f4) Importer(815301076,1909f56bfc062723c751e8b465ee728b)
Start importing Assets/4.Sprite/Enemy/Kenta0.png using Guid(b982c18e83039d546bc9e02a9b1ee4f4) Importer(815301076,1909f56bfc062723c751e8b465ee728b)  -> (artifact id: '97b97ce91b26fbdc00bce4a8b4cf0b3c') in 0.011564 seconds 
========================================================================
Received Import Request.
  Time since last request: 6.656323 seconds.
  path: Assets/4.Sprite/Enemy/Kenta0.png
  artifactKey: Guid(b982c18e83039d546bc9e02a9b1ee4f4) Importer(815301076,1909f56bfc062723c751e8b465ee728b)
Start importing Assets/4.Sprite/Enemy/Kenta0.png using Guid(b982c18e83039d546bc9e02a9b1ee4f4) Importer(815301076,1909f56bfc062723c751e8b465ee728b)  -> (artifact id: '30919531a88ea1885b52ed3ec8992360') in 0.017115 seconds 
========================================================================
Received Import Request.
  Time since last request: 8.669669 seconds.
  path: Assets/4.Sprite/Enemy/Kenta1.png
  artifactKey: Guid(ca60dc32e268318478b4a63274778544) Importer(815301076,1909f56bfc062723c751e8b465ee728b)
Start importing Assets/4.Sprite/Enemy/Kenta1.png using Guid(ca60dc32e268318478b4a63274778544) Importer(815301076,1909f56bfc062723c751e8b465ee728b)  -> (artifact id: 'a48dd417fcf67c38282e8663f25cb8c2') in 0.017578 seconds 
========================================================================
Received Prepare
Registering precompiled user dll's ...
Registered in 0.004275 seconds.
Begin MonoManager ReloadAssembly
Native extension for WindowsStandalone target not found
Refreshing native plugins compatible for Editor in 0.48 ms, found 3 plugins.
Preloading 0 native plugins for Editor in 0.00 ms.
Mono: successfully reloaded assembly
- Completed reload, in  0.788 seconds
Domain Reload Profiling:
	ReloadAssembly (789ms)
		BeginReloadAssembly (143ms)
			ExecutionOrderSort (0ms)
			DisableScriptedObjects (7ms)
			BackupInstance (0ms)
			ReleaseScriptingObjects (0ms)
			CreateAndSetChildDomain (49ms)
		EndReloadAssembly (604ms)
			LoadAssemblies (107ms)
			RebuildTransferFunctionScriptingTraits (0ms)
			SetupTypeCache (201ms)
			ReleaseScriptCaches (1ms)
			RebuildScriptCaches (28ms)
			SetupLoadedEditorAssemblies (240ms)
				LogAssemblyErrors (0ms)
				InitializePlatformSupportModulesInManaged (4ms)
				SetLoadedEditorAssemblies (0ms)
				RefreshPlugins (1ms)
				BeforeProcessingInitializeOnLoad (61ms)
				ProcessInitializeOnLoadAttributes (160ms)
				ProcessInitializeOnLoadMethodAttributes (12ms)
				AfterProcessingInitializeOnLoad (3ms)
				EditorAssembliesLoaded (0ms)
			ExecutionOrderSort2 (0ms)
			AwakeInstancesAfterBackupRestoration (4ms)
Platform modules already initialized, skipping
Refreshing native plugins compatible for Editor in 0.45 ms, found 3 plugins.
Preloading 0 native plugins for Editor in 0.00 ms.
Unloading 2229 Unused Serialized files (Serialized files now loaded: 0)
System memory in use before: 101.3 MB.
System memory in use after: 101.3 MB.

Unloading 20 unused Assets to reduce memory usage. Loaded Objects now: 2713.
Total: 3.167000 ms (FindLiveObjects: 0.195800 ms CreateObjectMapping: 0.117600 ms MarkObjects: 2.748400 ms  DeleteObjects: 0.104100 ms)

AssetImportParameters requested are different than current active one (requested -> active):
  custom:framework-win-MediaFoundation: 216162199b28c13a410421893ffa2e32 -> 
  custom:video-decoder-ogg-theora: a1e56fd34408186e4bbccfd4996cb3dc -> 
  custom:container-muxer-webm: aa71ff27fc2769a1b78a27578f13a17b -> 
  custom:container-demuxer-webm: 4f35f7cbe854078d1ac9338744f61a02 -> 
  custom:container-demuxer-ogg: 62fdf1f143b41e24485cea50d1cbac27 -> 
  custom:video-encoder-webm-vp8: eb34c28f22e8b96e1ab97ce403110664 -> 
  custom:video-decoder-webm-vp8: 9c59270c3fd7afecdb556c50c9e8de78 -> 
  custom:audio-decoder-ogg-vorbis: bf7c407c2cedff20999df2af8eb42d56 -> 
  custom:audio-encoder-webm-vorbis: bf7c407c2cedff20999df2af8eb42d56 -> 
========================================================================
Received Import Request.
  Time since last request: 310.731094 seconds.
  path: ProjectSettings/TagManager.asset
  artifactKey: Guid(00000000000000003000000000000000) Importer(815301076,1909f56bfc062723c751e8b465ee728b)
Start importing ProjectSettings/TagManager.asset using Guid(00000000000000003000000000000000) Importer(815301076,1909f56bfc062723c751e8b465ee728b)  -> (artifact id: '7e3a6dfe11f6cd76b22fd570f2888499') in 0.022011 seconds 
========================================================================
Received Prepare
Registering precompiled user dll's ...
Registered in 0.004267 seconds.
Begin MonoManager ReloadAssembly
Native extension for WindowsStandalone target not found
Refreshing native plugins compatible for Editor in 0.52 ms, found 3 plugins.
Preloading 0 native plugins for Editor in 0.00 ms.
Mono: successfully reloaded assembly
- Completed reload, in  0.827 seconds
Domain Reload Profiling:
	ReloadAssembly (827ms)
		BeginReloadAssembly (124ms)
			ExecutionOrderSort (0ms)
			DisableScriptedObjects (5ms)
			BackupInstance (0ms)
			ReleaseScriptingObjects (0ms)
			CreateAndSetChildDomain (30ms)
		EndReloadAssembly (658ms)
			LoadAssemblies (121ms)
			RebuildTransferFunctionScriptingTraits (0ms)
			SetupTypeCache (216ms)
			ReleaseScriptCaches (1ms)
			RebuildScriptCaches (28ms)
			SetupLoadedEditorAssemblies (258ms)
				LogAssemblyErrors (0ms)
				InitializePlatformSupportModulesInManaged (3ms)
				SetLoadedEditorAssemblies (0ms)
				RefreshPlugins (1ms)
				BeforeProcessingInitializeOnLoad (74ms)
				ProcessInitializeOnLoadAttributes (163ms)
				ProcessInitializeOnLoadMethodAttributes (13ms)
				AfterProcessingInitializeOnLoad (3ms)
				EditorAssembliesLoaded (0ms)
			ExecutionOrderSort2 (0ms)
			AwakeInstancesAfterBackupRestoration (4ms)
Platform modules already initialized, skipping
Refreshing native plugins compatible for Editor in 0.49 ms, found 3 plugins.
Preloading 0 native plugins for Editor in 0.00 ms.
Unloading 2229 Unused Serialized files (Serialized files now loaded: 0)
System memory in use before: 101.4 MB.
System memory in use after: 101.5 MB.

Unloading 21 unused Assets to reduce memory usage. Loaded Objects now: 2716.
Total: 3.447300 ms (FindLiveObjects: 0.233300 ms CreateObjectMapping: 0.120100 ms MarkObjects: 2.971800 ms  DeleteObjects: 0.121400 ms)

AssetImportParameters requested are different than current active one (requested -> active):
  custom:framework-win-MediaFoundation: 216162199b28c13a410421893ffa2e32 -> 
  custom:video-decoder-ogg-theora: a1e56fd34408186e4bbccfd4996cb3dc -> 
  custom:container-muxer-webm: aa71ff27fc2769a1b78a27578f13a17b -> 
  custom:container-demuxer-webm: 4f35f7cbe854078d1ac9338744f61a02 -> 
  custom:container-demuxer-ogg: 62fdf1f143b41e24485cea50d1cbac27 -> 
  custom:video-encoder-webm-vp8: eb34c28f22e8b96e1ab97ce403110664 -> 
  custom:video-decoder-webm-vp8: 9c59270c3fd7afecdb556c50c9e8de78 -> 
  custom:audio-decoder-ogg-vorbis: bf7c407c2cedff20999df2af8eb42d56 -> 
  custom:audio-encoder-webm-vorbis: bf7c407c2cedff20999df2af8eb42d56 -> 
AssetImportWorkerClient::OnTransportError - code=2 error=End of file
